Initial hyperparameter selection. Continue after with different target flag, and refined ranges.

PARAM: nn_learning_rate=0.01 | F1: 0.9980 | ModAcc: 0.5366 | Prec: 0.9997 | Rec: 0.9964 | FullParams: {'rf_n_estimators': 200, 'rf_max_depth': 20, 'rf_min_samples_leaf': 4, 'nn_layers': (128, 64, 32), 'nn_learning_rate': 0.01, 'nn_batch_size': 128, 'nn_epochs': 10}
PARAM: nn_learning_rate=0.005 | F1: 0.9990 | ModAcc: 0.7528 | Prec: 0.9996 | Rec: 0.9983 | FullParams: {'rf_n_estimators': 200, 'rf_max_depth': 20, 'rf_min_samples_leaf': 4, 'nn_layers': (128, 64, 32), 'nn_learning_rate': 0.005, 'nn_batch_size': 128, 'nn_epochs': 10}
PARAM: nn_learning_rate=0.001 | F1: 0.9990 | ModAcc: 0.7686 | Prec: 0.9995 | Rec: 0.9985 | FullParams: {'rf_n_estimators': 200, 'rf_max_depth': 20, 'rf_min_samples_leaf': 4, 'nn_layers': (128, 64, 32), 'nn_learning_rate': 0.001, 'nn_batch_size': 128, 'nn_epochs': 10}
PARAM: nn_learning_rate=0.0001 | F1: 0.9991 | ModAcc: 0.7823 | Prec: 0.9995 | Rec: 0.9986 | FullParams: {'rf_n_estimators': 200, 'rf_max_depth': 20, 'rf_min_samples_leaf': 4, 'nn_layers': (128, 64, 32), 'nn_learning_rate': 0.0001, 'nn_batch_size': 128, 'nn_epochs': 10}

PARAM: nn_epochs=1 | F1: 0.998689 | ModAcc: 0.691251 | Prec: 0.999633 | Rec: 0.997748 | FullParams: {'rf_n_estimators': 200, 'rf_max_depth': 20, 'rf_min_samples_leaf': 4, 'nn_layers': (128, 64, 32), 'nn_learning_rate': 0.0001, 'nn_batch_size': 128, 'nn_epochs': 1}
PARAM: nn_epochs=5 | F1: 0.999032 | ModAcc: 0.771874 | Prec: 0.999568 | Rec: 0.998496 | FullParams: {'rf_n_estimators': 200, 'rf_max_depth': 20, 'rf_min_samples_leaf': 4, 'nn_layers': (128, 64, 32), 'nn_learning_rate': 0.0001, 'nn_batch_size': 128, 'nn_epochs': 5}
PARAM: nn_epochs=10 | F1: 0.999072 | ModAcc: 0.781290 | Prec: 0.999548 | Rec: 0.998596 | FullParams: {'rf_n_estimators': 200, 'rf_max_depth': 20, 'rf_min_samples_leaf': 4, 'nn_layers': (128, 64, 32), 'nn_learning_rate': 0.0001, 'nn_batch_size': 128, 'nn_epochs': 10}

PARAM: rf_max_depth=1 | F1: 0.996689 | ModAcc: 0.217203 | Prec: 0.993950 | Rec: 0.999443 | FullParams: {'rf_n_estimators': 200, 'rf_max_depth': 1, 'rf_min_samples_leaf': 4, 'nn_layers': (128, 64, 32), 'nn_learning_rate': 0.0001, 'nn_batch_size': 128, 'nn_epochs': 5}
PARAM: rf_max_depth=5 | F1: 0.997817 | ModAcc: 0.485462 | Prec: 0.997819 | Rec: 0.997816 | FullParams: {'rf_n_estimators': 200, 'rf_max_depth': 5, 'rf_min_samples_leaf': 4, 'nn_layers': (128, 64, 32), 'nn_learning_rate': 0.0001, 'nn_batch_size': 128, 'nn_epochs': 5}
PARAM: rf_max_depth=10 | F1: 0.997432 | ModAcc: 0.395663 | Prec: 0.999544 | Rec: 0.995328 | FullParams: {'rf_n_estimators': 200, 'rf_max_depth': 10, 'rf_min_samples_leaf': 4, 'nn_layers': (128, 64, 32), 'nn_learning_rate': 0.0001, 'nn_batch_size': 128, 'nn_epochs': 5}
PARAM: rf_max_depth=20 | F1: 0.999010 | ModAcc: 0.766678 | Prec: 0.999569 | Rec: 0.998451 | FullParams: {'rf_n_estimators': 200, 'rf_max_depth': 20, 'rf_min_samples_leaf': 4, 'nn_layers': (128, 64, 32), 'nn_learning_rate': 0.0001, 'nn_batch_size': 128, 'nn_epochs': 5}
PARAM: rf_max_depth=50 | F1: 0.999353 | ModAcc: 0.847461 | Prec: 0.999528 | Rec: 0.999178 | FullParams: {'rf_n_estimators': 200, 'rf_max_depth': 50, 'rf_min_samples_leaf': 4, 'nn_layers': (128, 64, 32), 'nn_learning_rate': 0.0001, 'nn_batch_size': 128, 'nn_epochs': 5}
PARAM: rf_max_depth=100 | F1: 0.999348 | ModAcc: 0.846321 | Prec: 0.999528 | Rec: 0.999168 | FullParams: {'rf_n_estimators': 200, 'rf_max_depth': 100, 'rf_min_samples_leaf': 4, 'nn_layers': (128, 64, 32), 'nn_learning_rate': 0.0001, 'nn_batch_size': 128, 'nn_epochs': 5}

PARAM: rf_n_estimators=5 | F1: 0.999268 | ModAcc: 0.827530 | Prec: 0.999443 | Rec: 0.999094 | FullParams: {'rf_n_estimators': 5, 'rf_max_depth': 50, 'rf_min_samples_leaf': 4, 'nn_layers': (128, 64, 32), 'nn_learning_rate': 0.0001, 'nn_batch_size': 128, 'nn_epochs': 5}
PARAM: rf_n_estimators=10 | F1: 0.999291 | ModAcc: 0.832768 | Prec: 0.999515 | Rec: 0.999066 | FullParams: {'rf_n_estimators': 10, 'rf_max_depth': 50, 'rf_min_samples_leaf': 4, 'nn_layers': (128, 64, 32), 'nn_learning_rate': 0.0001, 'nn_batch_size': 128, 'nn_epochs': 5}
PARAM: rf_n_estimators=20 | F1: 0.999304 | ModAcc: 0.835886 | Prec: 0.999512 | Rec: 0.999096 | FullParams: {'rf_n_estimators': 20, 'rf_max_depth': 50, 'rf_min_samples_leaf': 4, 'nn_layers': (128, 64, 32), 'nn_learning_rate': 0.0001, 'nn_batch_size': 128, 'nn_epochs': 5}
PARAM: rf_n_estimators=50 | F1: 0.999347 | ModAcc: 0.845941 | Prec: 0.999501 | Rec: 0.999192 | FullParams: {'rf_n_estimators': 50, 'rf_max_depth': 50, 'rf_min_samples_leaf': 4, 'nn_layers': (128, 64, 32), 'nn_learning_rate': 0.0001, 'nn_batch_size': 128, 'nn_epochs': 5}
PARAM: rf_n_estimators=100 | F1: 0.999343 | ModAcc: 0.845041 | Prec: 0.999513 | Rec: 0.999173 | FullParams: {'rf_n_estimators': 100, 'rf_max_depth': 50, 'rf_min_samples_leaf': 4, 'nn_layers': (128, 64, 32), 'nn_learning_rate': 0.0001, 'nn_batch_size': 128, 'nn_epochs': 5}
PARAM: rf_n_estimators=200 | F1: 0.999354 | ModAcc: 0.847751 | Prec: 0.999525 | Rec: 0.999183 | FullParams: {'rf_n_estimators': 200, 'rf_max_depth': 50, 'rf_min_samples_leaf': 4, 'nn_layers': (128, 64, 32), 'nn_learning_rate': 0.0001, 'nn_batch_size': 128, 'nn_epochs': 5}
PARAM: rf_n_estimators=500 | F1: 0.999353 | ModAcc: 0.847446 | Prec: 0.999502 | Rec: 0.999204 | FullParams: {'rf_n_estimators': 500, 'rf_max_depth': 50, 'rf_min_samples_leaf': 4, 'nn_layers': (128, 64, 32), 'nn_learning_rate': 0.0001, 'nn_batch_size': 128, 'nn_epochs': 5}

PARAM: rf_min_samples_leaf=1 | F1: 0.999459 | ModAcc: 0.872566 | Prec: 0.999430 | Rec: 0.999489 | FullParams: {'rf_n_estimators': 50, 'rf_max_depth': 50, 'rf_min_samples_leaf': 1, 'nn_layers': (128, 64, 32), 'nn_learning_rate': 0.0001, 'nn_batch_size': 128, 'nn_epochs': 5}
PARAM: rf_min_samples_leaf=2 | F1: 0.999418 | ModAcc: 0.862842 | Prec: 0.999437 | Rec: 0.999399 | FullParams: {'rf_n_estimators': 50, 'rf_max_depth': 50, 'rf_min_samples_leaf': 2, 'nn_layers': (128, 64, 32), 'nn_learning_rate': 0.0001, 'nn_batch_size': 128, 'nn_epochs': 5}
PARAM: rf_min_samples_leaf=4 | F1: 0.999339 | ModAcc: 0.844053 | Prec: 0.999502 | Rec: 0.999175 | FullParams: {'rf_n_estimators': 50, 'rf_max_depth': 50, 'rf_min_samples_leaf': 4, 'nn_layers': (128, 64, 32), 'nn_learning_rate': 0.0001, 'nn_batch_size': 128, 'nn_epochs': 5}
PARAM: rf_min_samples_leaf=8 | F1: 0.999195 | ModAcc: 0.810128 | Prec: 0.999547 | Rec: 0.998842 | FullParams: {'rf_n_estimators': 50, 'rf_max_depth': 50, 'rf_min_samples_leaf': 8, 'nn_layers': (128, 64, 32), 'nn_learning_rate': 0.0001, 'nn_batch_size': 128, 'nn_epochs': 5}

PARAM: nn_layers=(128, 64, 32, 16) | F1: 0.999449 | ModAcc: 0.870139 | Prec: 0.999477 | Rec: 0.999421 | FullParams: {'rf_n_estimators': 50, 'rf_max_depth': 50, 'rf_min_samples_leaf': 1, 'nn_layers': (128, 64, 32, 16), 'nn_learning_rate': 0.0001, 'nn_batch_size': 128, 'nn_epochs': 5}
PARAM: nn_layers=(128, 64, 32) | F1: 0.999458 | ModAcc: 0.872331 | Prec: 0.999435 | Rec: 0.999482 | FullParams: {'rf_n_estimators': 50, 'rf_max_depth': 50, 'rf_min_samples_leaf': 1, 'nn_layers': (128, 64, 32), 'nn_learning_rate': 0.0001, 'nn_batch_size': 128, 'nn_epochs': 5}
PARAM: nn_layers=(64, 64, 32) | F1: 0.999454 | ModAcc: 0.871194 | Prec: 0.999420 | Rec: 0.999487 | FullParams: {'rf_n_estimators': 50, 'rf_max_depth': 50, 'rf_min_samples_leaf': 1, 'nn_layers': (64, 64, 32), 'nn_learning_rate': 0.0001, 'nn_batch_size': 128, 'nn_epochs': 5}
PARAM: nn_layers=(64, 32, 16) | F1: 0.999455 | ModAcc: 0.871432 | Prec: 0.999445 | Rec: 0.999465 | FullParams: {'rf_n_estimators': 50, 'rf_max_depth': 50, 'rf_min_samples_leaf': 1, 'nn_layers': (64, 32, 16), 'nn_learning_rate': 0.0001, 'nn_batch_size': 128, 'nn_epochs': 5}
PARAM: nn_layers=(128, 64) | F1: 0.999457 | ModAcc: 0.871953 | Prec: 0.999442 | Rec: 0.999472 | FullParams: {'rf_n_estimators': 50, 'rf_max_depth': 50, 'rf_min_samples_leaf': 1, 'nn_layers': (128, 64), 'nn_learning_rate': 0.0001, 'nn_batch_size': 128, 'nn_epochs': 5}
PARAM: nn_layers=(64, 32) | F1: 0.999453 | ModAcc: 0.870971 | Prec: 0.999417 | Rec: 0.999488 | FullParams: {'rf_n_estimators': 50, 'rf_max_depth': 50, 'rf_min_samples_leaf': 1, 'nn_layers': (64, 32), 'nn_learning_rate': 0.0001, 'nn_batch_size': 128, 'nn_epochs': 5}

PARAM: nn_batch_size=32 | F1: 0.999451 | ModAcc: 0.870527 | Prec: 0.999443 | Rec: 0.999458 | FullParams: {'rf_n_estimators': 50, 'rf_max_depth': 50, 'rf_min_samples_leaf': 1, 'nn_layers': (128, 64, 32), 'nn_learning_rate': 0.0001, 'nn_batch_size': 32, 'nn_epochs': 5}
PARAM: nn_batch_size=64 | F1: 0.999460 | ModAcc: 0.872631 | Prec: 0.999413 | Rec: 0.999507 | FullParams: {'rf_n_estimators': 50, 'rf_max_depth': 50, 'rf_min_samples_leaf': 1, 'nn_layers': (128, 64, 32), 'nn_learning_rate': 0.0001, 'nn_batch_size': 64, 'nn_epochs': 5}
PARAM: nn_batch_size=128 | F1: 0.999457 | ModAcc: 0.871947 | Prec: 0.999438 | Rec: 0.999476 | FullParams: {'rf_n_estimators': 50, 'rf_max_depth': 50, 'rf_min_samples_leaf': 1, 'nn_layers': (128, 64, 32), 'nn_learning_rate': 0.0001, 'nn_batch_size': 128, 'nn_epochs': 5}
PARAM: nn_batch_size=512 | F1: 0.999423 | ModAcc: 0.863956 | Prec: 0.999506 | Rec: 0.999340 | FullParams: {'rf_n_estimators': 50, 'rf_max_depth': 50, 'rf_min_samples_leaf': 1, 'nn_layers': (128, 64, 32), 'nn_learning_rate': 0.0001, 'nn_batch_size': 512, 'nn_epochs': 5}
PARAM: nn_batch_size=1024 | F1: 0.999429 | ModAcc: 0.865329 | Prec: 0.999506 | Rec: 0.999351 | FullParams: {'rf_n_estimators': 50, 'rf_max_depth': 50, 'rf_min_samples_leaf': 1, 'nn_layers': (128, 64, 32), 'nn_learning_rate': 0.0001, 'nn_batch_size': 1024, 'nn_epochs': 5}

Rechecking nn_epochs with DNI target:
PARAM: nn_epochs=5 | F1: 0.999689 | ModAcc: 0.990547 | Prec: 0.999598 | Rec: 0.999780 | FullParams: {'rf_n_estimators': 50, 'rf_max_depth': 50, 'rf_min_samples_leaf': 1, 'nn_layers': (128, 64, 32), 'nn_learning_rate': 0.0001, 'nn_batch_size': 64, 'nn_epochs': 5}
PARAM: nn_epochs=10 | F1: 0.999692 | ModAcc: 0.990650 | Prec: 0.999581 | Rec: 0.999804 | FullParams: {'rf_n_estimators': 50, 'rf_max_depth': 50, 'rf_min_samples_leaf': 1, 'nn_layers': (128, 64, 32), 'nn_learning_rate': 0.0001, 'nn_batch_size': 64, 'nn_epochs': 10}
PARAM: nn_epochs=20 | F1: 0.999697 | ModAcc: 0.990783 | Prec: 0.999552 | Rec: 0.999842 | FullParams: {'rf_n_estimators': 50, 'rf_max_depth': 50, 'rf_min_samples_leaf': 1, 'nn_layers': (128, 64, 32), 'nn_learning_rate': 0.0001, 'nn_batch_size': 64, 'nn_epochs': 20}
PARAM: nn_epochs=50 | F1: 0.999695 | ModAcc: 0.990732 | Prec: 0.999577 | Rec: 0.999814 | FullParams: {'rf_n_estimators': 50, 'rf_max_depth': 50, 'rf_min_samples_leaf': 1, 'nn_layers': (128, 64, 32), 'nn_learning_rate': 0.0001, 'nn_batch_size': 64, 'nn_epochs': 50}

Rechecking nn_learning_rate with DHI target:
PARAM: nn_learning_rate=0.001 | F1: 0.999600 | ModAcc: 0.988282 | Prec: 0.999594 | Rec: 0.999605 | FullParams: {'rf_n_estimators': 50, 'rf_max_depth': 50, 'rf_min_samples_leaf': 1, 'nn_layers': (128, 64, 32), 'nn_learning_rate': 0.001, 'nn_batch_size': 64, 'nn_epochs': 10}
PARAM: nn_learning_rate=0.0001 | F1: 0.999619 | ModAcc: 0.988841 | Prec: 0.999612 | Rec: 0.999626 | FullParams: {'rf_n_estimators': 50, 'rf_max_depth': 50, 'rf_min_samples_leaf': 1, 'nn_layers': (128, 64, 32), 'nn_learning_rate': 0.0001, 'nn_batch_size': 64, 'nn_epochs': 10}
PARAM: nn_learning_rate=1e-05 | F1: 0.999659 | ModAcc: 0.990002 | Prec: 0.999571 | Rec: 0.999746 | FullParams: {'rf_n_estimators': 50, 'rf_max_depth': 50, 'rf_min_samples_leaf': 1, 'nn_layers': (128, 64, 32), 'nn_learning_rate': 1e-05, 'nn_batch_size': 64, 'nn_epochs': 10}

Rechecking nn_learning_rate with DNI target:
PARAM: nn_learning_rate=1e-05 | F1: 0.999658 | ModAcc: 0.989992 | Prec: 0.999572 | Rec: 0.999745 | FullParams: {'rf_n_estimators': 50, 'rf_max_depth': 50, 'rf_min_samples_leaf': 1, 'nn_layers': (128, 64, 32), 'nn_learning_rate': 1e-05, 'nn_batch_size': 64, 'nn_epochs': 10}
PARAM: nn_learning_rate=1e-06 | F1: 0.999571 | ModAcc: 0.987426 | Prec: 0.999384 | Rec: 0.999758 | FullParams: {'rf_n_estimators': 50, 'rf_max_depth': 50, 'rf_min_samples_leaf': 1, 'nn_layers': (128, 64, 32), 'nn_learning_rate': 1e-06, 'nn_batch_size': 64, 'nn_epochs': 10}

Final selection of number of epochs and learning rate based on GHI result:
PARAM: nn_epochs=5 | F1: 0.999443 | ModAcc: 0.868794 | Prec: 0.999452 | Rec: 0.999434 | FullParams: {'rf_n_estimators': 50, 'rf_max_depth': 50, 'rf_min_samples_leaf': 1, 'nn_layers': (128, 64, 32), 'nn_learning_rate': 1e-05, 'nn_batch_size': 64, 'nn_epochs': 5}
PARAM: nn_epochs=10 | F1: 0.999456 | ModAcc: 0.871805 | Prec: 0.999430 | Rec: 0.999482 | FullParams: {'rf_n_estimators': 50, 'rf_max_depth': 50, 'rf_min_samples_leaf': 1, 'nn_layers': (128, 64, 32), 'nn_learning_rate': 1e-05, 'nn_batch_size': 64, 'nn_epochs': 10}
PARAM: nn_epochs=20 | F1: 0.999460 | ModAcc: 0.872705 | Prec: 0.999385 | Rec: 0.999535 | FullParams: {'rf_n_estimators': 50, 'rf_max_depth': 50, 'rf_min_samples_leaf': 1, 'nn_layers': (128, 64, 32), 'nn_learning_rate': 1e-05, 'nn_batch_size': 64, 'nn_epochs': 20}
PARAM: nn_epochs=50 | F1: 0.999466 | ModAcc: 0.873983 | Prec: 0.999340 | Rec: 0.999591 | FullParams: {'rf_n_estimators': 50, 'rf_max_depth': 50, 'rf_min_samples_leaf': 1, 'nn_layers': (128, 64, 32), 'nn_learning_rate': 1e-05, 'nn_batch_size': 64, 'nn_epochs': 50}

UPDATED TO RNN MODEL, RECHECK MANY FEATURES:
